2
6
0
9999999
0
9999999
0
9999998
0
9999998
0
9999998
0
9999998
0
9999998
0
9999998
0
9999998
0
9999997
0
9999997
0
9999997
0
9999997
1
9999997
1
9999997
1
9999997
1
9999996
1
9999996
0
9999996
1
9999996
2
9999996
2
9999996
2
9999996
2
9999995
0
9999995
2
9999995
2
9999995
3
9999995
3
9999995
3
9999995
0
9999994
2
9999994
3
9999994
3
9999994
4
9999994
4
9999994
162734
7742558
810338
3100527
8170067
7244504
9551950
9783378
6462479
3429737
2654498
2971935
7157101
446717
1130930
873069
1743806
4439273
6881909
5741315
836994
6520462
6157279
4039
7682346
2062972
